
state 0
	$accept: .expr $end 

	IDENT  shift 2
	INT  shift 3
	TRUE  shift 4
	FALSE  shift 5
	.  error

	expr  goto 1

state 1
	$accept:  expr.$end 

	$end  accept
	.  error


state 2
	expr:  IDENT.    (1)

	.  reduce 1 (src line 21)


state 3
	expr:  INT.    (2)

	.  reduce 2 (src line 30)


state 4
	expr:  TRUE.    (3)

	.  reduce 3 (src line 38)


state 5
	expr:  FALSE.    (4)

	.  reduce 4 (src line 46)


7 terminals, 2 nonterminals
5 grammar rules, 6/2000 states
0 shift/reduce, 0 reduce/reduce conflicts reported
51 working sets used
memory: parser 0/30000
0 extra closures
4 shift entries, 1 exceptions
1 goto entries
0 entries saved by goto default
Optimizer space used: output 5/30000
5 table entries, 0 zero
maximum spread: 7, maximum offset: 4
